--------------------------------------------------------------------------------
Release 14.2 Trace  (lin)
Copyright (c) 1995-2012 Xilinx, Inc.  All rights reserved.

/opt/Xilinx/14.2/ISE_DS/ISE/bin/lin/unwrapped/trce -intstyle ise -v 3 -s 5 -n 3
-fastpaths -xml Papilio_One_500K.twx Papilio_One_500K.ncd -o
Papilio_One_500K.twr Papilio_One_500K.pcf

Design file:              Papilio_One_500K.ncd
Physical constraint file: Papilio_One_500K.pcf
Device,package,speed:     xc3s500e,vq100,-5 (PRODUCTION 1.27 2012-07-09)
Report level:             verbose report

Environment Variable      Effect 
--------------------      ------ 
NONE                      No environment variables were set
--------------------------------------------------------------------------------

INFO:Timing:2698 - No timing constraints found, doing default enumeration.
INFO:Timing:3412 - To improve timing, see the Timing Closure User Guide (UG612).
INFO:Timing:2752 - To get complete path coverage, use the unconstrained paths 
   option. All paths that are not constrained will be reported in the 
   unconstrained paths section(s) of the report.
INFO:Timing:3339 - The clock-to-out numbers in this timing report are based on 
   a 50 Ohm transmission line loading model.  For the details of this model, 
   and for more information on accounting for different loading conditions, 
   please see the device datasheet.
INFO:Timing:3390 - This architecture does not support a default System Jitter 
   value, please add SYSTEM_JITTER constraint to the UCF to modify the Clock 
   Uncertainty calculation.
INFO:Timing:3389 - This architecture does not support 'Discrete Jitter' and 
   'Phase Error' calculations, these terms will be zero in the Clock 
   Uncertainty calculation.  Please make appropriate modification to 
   SYSTEM_JITTER to account for the unsupported Discrete Jitter and Phase 
   Error.



Data Sheet report:
-----------------
All values displayed in nanoseconds (ns)

Setup/Hold to clock ext_pins_in<0>
--------------+------------+------------+------------------+--------+
              |Max Setup to|Max Hold to |                  | Clock  |
Source        | clk (edge) | clk (edge) |Internal Clock(s) | Phase  |
--------------+------------+------------+------------------+--------+
WING_AL0      |    3.272(R)|   -1.719(R)|XLXN_408<147>     |   0.000|
WING_AL1      |    3.090(R)|   -1.572(R)|XLXN_408<147>     |   0.000|
WING_AL2      |    3.428(R)|   -1.850(R)|XLXN_408<147>     |   0.000|
WING_AL3      |    3.313(R)|   -1.758(R)|XLXN_408<147>     |   0.000|
WING_AL4      |    3.489(R)|   -1.897(R)|XLXN_408<147>     |   0.000|
WING_AL5      |    3.082(R)|   -1.567(R)|XLXN_408<147>     |   0.000|
WING_AL6      |    3.257(R)|   -1.713(R)|XLXN_408<147>     |   0.000|
WING_AL7      |    2.758(R)|   -1.306(R)|XLXN_408<147>     |   0.000|
WING_BH0      |    2.741(R)|   -1.293(R)|XLXN_408<147>     |   0.000|
WING_BH1      |    3.282(R)|   -1.736(R)|XLXN_408<147>     |   0.000|
WING_BH2      |    2.805(R)|   -1.347(R)|XLXN_408<147>     |   0.000|
WING_BH3      |    2.299(R)|   -0.938(R)|XLXN_408<147>     |   0.000|
WING_BH4      |    2.780(R)|   -1.327(R)|XLXN_408<147>     |   0.000|
WING_BH5      |    3.066(R)|   -1.556(R)|XLXN_408<147>     |   0.000|
WING_BH6      |    2.795(R)|   -1.338(R)|XLXN_408<147>     |   0.000|
WING_BH7      |    2.612(R)|   -1.191(R)|XLXN_408<147>     |   0.000|
WING_BL0      |    3.079(R)|   -1.569(R)|XLXN_408<147>     |   0.000|
WING_BL1      |    2.843(R)|   -1.380(R)|XLXN_408<147>     |   0.000|
WING_BL2      |    2.466(R)|   -1.066(R)|XLXN_408<147>     |   0.000|
WING_BL3      |    3.118(R)|   -1.589(R)|XLXN_408<147>     |   0.000|
WING_BL4      |    3.725(R)|   -2.086(R)|XLXN_408<147>     |   0.000|
WING_BL5      |    3.768(R)|   -2.124(R)|XLXN_408<147>     |   0.000|
WING_BL6      |    3.437(R)|   -1.845(R)|XLXN_408<147>     |   0.000|
WING_BL7      |    3.429(R)|   -1.840(R)|XLXN_408<147>     |   0.000|
WING_CL0      |    2.864(R)|   -1.395(R)|XLXN_408<147>     |   0.000|
WING_CL1      |    3.086(R)|   -1.575(R)|XLXN_408<147>     |   0.000|
WING_CL2      |    2.320(R)|   -0.961(R)|XLXN_408<147>     |   0.000|
WING_CL3      |    2.330(R)|   -0.970(R)|XLXN_408<147>     |   0.000|
WING_CL4      |    2.789(R)|   -1.331(R)|XLXN_408<147>     |   0.000|
WING_CL5      |    3.083(R)|   -1.569(R)|XLXN_408<147>     |   0.000|
WING_CL6      |    3.111(R)|   -1.592(R)|XLXN_408<147>     |   0.000|
WING_CL7      |    2.898(R)|   -1.422(R)|XLXN_408<147>     |   0.000|
ext_pins_in<1>|    3.338(R)|   -1.486(R)|XLXN_408<147>     |   0.000|
ext_pins_in<2>|    2.846(R)|   -1.092(R)|XLXN_408<147>     |   0.000|
--------------+------------+------------+------------------+--------+

Clock ext_pins_in<0> to Pad
---------------+------------+------------------+--------+
               | clk (edge) |                  | Clock  |
Destination    |   to PAD   |Internal Clock(s) | Phase  |
---------------+------------+------------------+--------+
WING_AL0       |    5.561(R)|XLXN_408<147>     |   0.000|
WING_AL1       |    5.959(R)|XLXN_408<147>     |   0.000|
WING_AL2       |    6.137(R)|XLXN_408<147>     |   0.000|
WING_AL3       |    6.484(R)|XLXN_408<147>     |   0.000|
WING_AL4       |    6.518(R)|XLXN_408<147>     |   0.000|
WING_AL5       |    6.493(R)|XLXN_408<147>     |   0.000|
WING_AL6       |    6.813(R)|XLXN_408<147>     |   0.000|
WING_AL7       |    6.234(R)|XLXN_408<147>     |   0.000|
WING_BH0       |    5.881(R)|XLXN_408<147>     |   0.000|
WING_BH1       |    6.627(R)|XLXN_408<147>     |   0.000|
WING_BH2       |    6.190(R)|XLXN_408<147>     |   0.000|
WING_BH3       |    5.257(R)|XLXN_408<147>     |   0.000|
WING_BH4       |    6.334(R)|XLXN_408<147>     |   0.000|
WING_BH5       |    5.686(R)|XLXN_408<147>     |   0.000|
WING_BH6       |    6.603(R)|XLXN_408<147>     |   0.000|
WING_BH7       |    6.298(R)|XLXN_408<147>     |   0.000|
WING_BL0       |    5.471(R)|XLXN_408<147>     |   0.000|
WING_BL1       |    4.763(R)|XLXN_408<147>     |   0.000|
WING_BL2       |    5.626(R)|XLXN_408<147>     |   0.000|
WING_BL3       |    5.601(R)|XLXN_408<147>     |   0.000|
WING_BL4       |    5.356(R)|XLXN_408<147>     |   0.000|
WING_BL5       |    6.022(R)|XLXN_408<147>     |   0.000|
WING_BL6       |    5.887(R)|XLXN_408<147>     |   0.000|
WING_BL7       |    6.460(R)|XLXN_408<147>     |   0.000|
WING_CH1       |    6.564(R)|XLXN_408<147>     |   0.000|
WING_CH2       |    6.568(R)|XLXN_408<147>     |   0.000|
WING_CH3       |    7.051(R)|XLXN_408<147>     |   0.000|
WING_CH4       |    7.023(R)|XLXN_408<147>     |   0.000|
WING_CH5       |    7.494(R)|XLXN_408<147>     |   0.000|
WING_CH6       |    7.330(R)|XLXN_408<147>     |   0.000|
WING_CH7       |    7.234(R)|XLXN_408<147>     |   0.000|
WING_CL0       |    5.118(R)|XLXN_408<147>     |   0.000|
WING_CL1       |    4.923(R)|XLXN_408<147>     |   0.000|
WING_CL2       |    5.179(R)|XLXN_408<147>     |   0.000|
WING_CL3       |    5.026(R)|XLXN_408<147>     |   0.000|
WING_CL4       |    5.277(R)|XLXN_408<147>     |   0.000|
WING_CL5       |    5.519(R)|XLXN_408<147>     |   0.000|
WING_CL6       |    5.896(R)|XLXN_408<147>     |   0.000|
WING_CL7       |    5.321(R)|XLXN_408<147>     |   0.000|
ext_pins_out<0>|    6.352(R)|XLXN_408<147>     |   0.000|
ext_pins_out<1>|    5.876(R)|XLXN_408<147>     |   0.000|
ext_pins_out<2>|    6.622(R)|XLXN_408<147>     |   0.000|
ext_pins_out<3>|    5.455(R)|XLXN_408<147>     |   0.000|
---------------+------------+------------------+--------+

Clock to Setup on destination clock ext_pins_in<0>
---------------+---------+---------+---------+---------+
               | Src:Rise| Src:Fall| Src:Rise| Src:Fall|
Source Clock   |Dest:Rise|Dest:Rise|Dest:Fall|Dest:Fall|
---------------+---------+---------+---------+---------+
ext_pins_in<0> |    8.460|         |         |         |
---------------+---------+---------+---------+---------+

Pad to Pad
---------------+---------------+---------+
Source Pad     |Destination Pad|  Delay  |
---------------+---------------+---------+
ext_pins_in<0> |WING_CH0       |    5.024|
---------------+---------------+---------+


Analysis completed Sat Oct 10 21:09:58 2015 
--------------------------------------------------------------------------------

Trace Settings:
-------------------------
Trace Settings 

Peak Memory Usage: 140 MB



