--------------------------------------------------------------------------------
Release 14.2 Trace  (lin)
Copyright (c) 1995-2012 Xilinx, Inc.  All rights reserved.

/opt/Xilinx/14.2/ISE_DS/ISE/bin/lin/unwrapped/trce -intstyle ise -v 3 -s 5 -n 3
-fastpaths -xml Papilio_One_500K.twx Papilio_One_500K.ncd -o
Papilio_One_500K.twr Papilio_One_500K.pcf

Design file:              Papilio_One_500K.ncd
Physical constraint file: Papilio_One_500K.pcf
Device,package,speed:     xc3s500e,vq100,-5 (PRODUCTION 1.27 2012-07-09)
Report level:             verbose report

Environment Variable      Effect 
--------------------      ------ 
NONE                      No environment variables were set
--------------------------------------------------------------------------------

INFO:Timing:2698 - No timing constraints found, doing default enumeration.
INFO:Timing:3412 - To improve timing, see the Timing Closure User Guide (UG612).
INFO:Timing:2752 - To get complete path coverage, use the unconstrained paths 
   option. All paths that are not constrained will be reported in the 
   unconstrained paths section(s) of the report.
INFO:Timing:3339 - The clock-to-out numbers in this timing report are based on 
   a 50 Ohm transmission line loading model.  For the details of this model, 
   and for more information on accounting for different loading conditions, 
   please see the device datasheet.
INFO:Timing:3390 - This architecture does not support a default System Jitter 
   value, please add SYSTEM_JITTER constraint to the UCF to modify the Clock 
   Uncertainty calculation.
INFO:Timing:3389 - This architecture does not support 'Discrete Jitter' and 
   'Phase Error' calculations, these terms will be zero in the Clock 
   Uncertainty calculation.  Please make appropriate modification to 
   SYSTEM_JITTER to account for the unsupported Discrete Jitter and Phase 
   Error.



Data Sheet report:
-----------------
All values displayed in nanoseconds (ns)

Setup/Hold to clock ext_pins_in<0>
--------------+------------+------------+------------------+--------+
              |Max Setup to|Max Hold to |                  | Clock  |
Source        | clk (edge) | clk (edge) |Internal Clock(s) | Phase  |
--------------+------------+------------+------------------+--------+
WING_AL0      |    2.503(R)|   -1.098(R)|XLXN_408<147>     |   0.000|
WING_AL1      |    3.408(R)|   -1.824(R)|XLXN_408<147>     |   0.000|
WING_AL2      |    3.094(R)|   -1.581(R)|XLXN_408<147>     |   0.000|
WING_AL3      |    3.067(R)|   -1.560(R)|XLXN_408<147>     |   0.000|
WING_AL4      |    2.857(R)|   -1.389(R)|XLXN_408<147>     |   0.000|
WING_AL5      |    3.029(R)|   -1.526(R)|XLXN_408<147>     |   0.000|
WING_AL6      |    3.771(R)|   -2.127(R)|XLXN_408<147>     |   0.000|
WING_BH0      |    3.467(R)|   -1.879(R)|XLXN_408<147>     |   0.000|
WING_BH1      |    3.745(R)|   -2.102(R)|XLXN_408<147>     |   0.000|
WING_BH2      |    3.052(R)|   -1.548(R)|XLXN_408<147>     |   0.000|
WING_BH3      |    2.781(R)|   -1.327(R)|XLXN_408<147>     |   0.000|
WING_BH4      |    2.895(R)|   -1.418(R)|XLXN_408<147>     |   0.000|
WING_BH5      |    2.587(R)|   -1.172(R)|XLXN_408<147>     |   0.000|
WING_BH6      |    2.791(R)|   -1.332(R)|XLXN_408<147>     |   0.000|
WING_BH7      |    2.729(R)|   -1.277(R)|XLXN_408<147>     |   0.000|
WING_BL0      |    2.532(R)|   -1.125(R)|XLXN_408<147>     |   0.000|
WING_BL1      |    2.602(R)|   -1.183(R)|XLXN_408<147>     |   0.000|
WING_BL2      |    3.218(R)|   -1.683(R)|XLXN_408<147>     |   0.000|
WING_BL3      |    3.214(R)|   -1.676(R)|XLXN_408<147>     |   0.000|
WING_BL4      |    3.228(R)|   -1.693(R)|XLXN_408<147>     |   0.000|
WING_BL5      |    3.541(R)|   -1.943(R)|XLXN_408<147>     |   0.000|
WING_BL6      |    2.609(R)|   -1.186(R)|XLXN_408<147>     |   0.000|
WING_BL7      |    2.606(R)|   -1.182(R)|XLXN_408<147>     |   0.000|
WING_CH0      |    2.515(R)|   -1.105(R)|XLXN_408<147>     |   0.000|
WING_CH1      |    2.507(R)|   -1.103(R)|XLXN_408<147>     |   0.000|
WING_CH2      |    2.276(R)|   -0.918(R)|XLXN_408<147>     |   0.000|
WING_CH3      |    2.292(R)|   -0.929(R)|XLXN_408<147>     |   0.000|
WING_CH4      |    2.273(R)|   -0.914(R)|XLXN_408<147>     |   0.000|
WING_CH5      |    2.482(R)|   -1.081(R)|XLXN_408<147>     |   0.000|
WING_CH6      |    2.474(R)|   -1.076(R)|XLXN_408<147>     |   0.000|
WING_CH7      |    3.041(R)|   -1.529(R)|XLXN_408<147>     |   0.000|
WING_CL0      |    2.759(R)|   -1.310(R)|XLXN_408<147>     |   0.000|
WING_CL1      |    2.846(R)|   -1.382(R)|XLXN_408<147>     |   0.000|
WING_CL2      |    2.857(R)|   -1.394(R)|XLXN_408<147>     |   0.000|
WING_CL3      |    3.187(R)|   -1.664(R)|XLXN_408<147>     |   0.000|
WING_CL4      |    2.725(R)|   -1.274(R)|XLXN_408<147>     |   0.000|
WING_CL5      |    2.518(R)|   -1.109(R)|XLXN_408<147>     |   0.000|
WING_CL6      |    2.499(R)|   -1.094(R)|XLXN_408<147>     |   0.000|
WING_CL7      |    2.263(R)|   -0.903(R)|XLXN_408<147>     |   0.000|
ext_pins_in<1>|    3.340(R)|   -1.490(R)|XLXN_408<147>     |   0.000|
ext_pins_in<2>|    3.099(R)|   -1.297(R)|XLXN_408<147>     |   0.000|
--------------+------------+------------+------------------+--------+

Clock ext_pins_in<0> to Pad
---------------+------------+------------------+--------+
               | clk (edge) |                  | Clock  |
Destination    |   to PAD   |Internal Clock(s) | Phase  |
---------------+------------+------------------+--------+
WING_AH0       |   10.264(R)|XLXN_408<147>     |   0.000|
WING_AH1       |   11.063(R)|XLXN_408<147>     |   0.000|
WING_AH2       |    9.771(R)|XLXN_408<147>     |   0.000|
WING_AH3       |   10.471(R)|XLXN_408<147>     |   0.000|
WING_AH4       |   10.541(R)|XLXN_408<147>     |   0.000|
WING_AH5       |    9.475(R)|XLXN_408<147>     |   0.000|
WING_AH6       |   10.092(R)|XLXN_408<147>     |   0.000|
WING_AH7       |    8.506(R)|XLXN_408<147>     |   0.000|
WING_AL0       |    5.627(R)|XLXN_408<147>     |   0.000|
WING_AL1       |    5.972(R)|XLXN_408<147>     |   0.000|
WING_AL2       |    5.781(R)|XLXN_408<147>     |   0.000|
WING_AL3       |    6.340(R)|XLXN_408<147>     |   0.000|
WING_AL4       |    5.887(R)|XLXN_408<147>     |   0.000|
WING_AL5       |    5.879(R)|XLXN_408<147>     |   0.000|
WING_AL6       |    6.644(R)|XLXN_408<147>     |   0.000|
WING_BH0       |    6.199(R)|XLXN_408<147>     |   0.000|
WING_BH1       |    6.581(R)|XLXN_408<147>     |   0.000|
WING_BH2       |    5.878(R)|XLXN_408<147>     |   0.000|
WING_BH3       |    6.643(R)|XLXN_408<147>     |   0.000|
WING_BH4       |    6.213(R)|XLXN_408<147>     |   0.000|
WING_BH5       |    5.777(R)|XLXN_408<147>     |   0.000|
WING_BH6       |    6.113(R)|XLXN_408<147>     |   0.000|
WING_BH7       |    5.707(R)|XLXN_408<147>     |   0.000|
WING_BL0       |    5.792(R)|XLXN_408<147>     |   0.000|
WING_BL1       |    5.308(R)|XLXN_408<147>     |   0.000|
WING_BL2       |    6.351(R)|XLXN_408<147>     |   0.000|
WING_BL3       |    6.187(R)|XLXN_408<147>     |   0.000|
WING_BL4       |    6.071(R)|XLXN_408<147>     |   0.000|
WING_BL5       |    5.702(R)|XLXN_408<147>     |   0.000|
WING_BL6       |    5.967(R)|XLXN_408<147>     |   0.000|
WING_BL7       |    6.125(R)|XLXN_408<147>     |   0.000|
WING_CH0       |    5.731(R)|XLXN_408<147>     |   0.000|
WING_CH1       |    5.073(R)|XLXN_408<147>     |   0.000|
WING_CH2       |    5.008(R)|XLXN_408<147>     |   0.000|
WING_CH3       |    5.028(R)|XLXN_408<147>     |   0.000|
WING_CH4       |    5.308(R)|XLXN_408<147>     |   0.000|
WING_CH5       |    4.868(R)|XLXN_408<147>     |   0.000|
WING_CH6       |    4.894(R)|XLXN_408<147>     |   0.000|
WING_CH7       |    5.194(R)|XLXN_408<147>     |   0.000|
WING_CL0       |    5.990(R)|XLXN_408<147>     |   0.000|
WING_CL1       |    5.740(R)|XLXN_408<147>     |   0.000|
WING_CL2       |    5.289(R)|XLXN_408<147>     |   0.000|
WING_CL3       |    5.149(R)|XLXN_408<147>     |   0.000|
WING_CL4       |    5.912(R)|XLXN_408<147>     |   0.000|
WING_CL5       |    5.598(R)|XLXN_408<147>     |   0.000|
WING_CL6       |    5.366(R)|XLXN_408<147>     |   0.000|
WING_CL7       |    5.353(R)|XLXN_408<147>     |   0.000|
ext_pins_out<0>|    5.570(R)|XLXN_408<147>     |   0.000|
ext_pins_out<1>|    6.246(R)|XLXN_408<147>     |   0.000|
ext_pins_out<2>|    5.751(R)|XLXN_408<147>     |   0.000|
ext_pins_out<3>|    5.010(R)|XLXN_408<147>     |   0.000|
---------------+------------+------------------+--------+

Clock to Setup on destination clock ext_pins_in<0>
---------------+---------+---------+---------+---------+
               | Src:Rise| Src:Fall| Src:Rise| Src:Fall|
Source Clock   |Dest:Rise|Dest:Rise|Dest:Fall|Dest:Fall|
---------------+---------+---------+---------+---------+
ext_pins_in<0> |    8.585|         |         |         |
---------------+---------+---------+---------+---------+

Pad to Pad
---------------+---------------+---------+
Source Pad     |Destination Pad|  Delay  |
---------------+---------------+---------+
ext_pins_in<0> |WING_AL7       |    6.255|
---------------+---------------+---------+


Analysis completed Sat Sep 26 23:01:43 2015 
--------------------------------------------------------------------------------

Trace Settings:
-------------------------
Trace Settings 

Peak Memory Usage: 136 MB



